<?xml version="1.0" encoding="UTF-8"?>
<!-- Generated by org.testng.reporters.JUnitReportReporter -->
<testsuite hostname="Naresh" name="com.testng.examples.BeforeAfterClassTest" tests="4" failures="0" timestamp="1 Apr 2022 10:28:45 GMT" time="0.002" errors="0">
  <testcase name="searchProduct" time="0.000" classname="com.testng.examples.BeforeAfterClassTest"/>
  <testcase name="verifylogin" time="0.001" classname="com.testng.examples.BeforeAfterClassTest"/>
  <testcase name="addtoCart" time="0.000" classname="com.testng.examples.BeforeAfterClassTest"/>
  <testcase name="verifyStock" time="0.001" classname="com.testng.examples.BeforeAfterClassTest"/>
</testsuite> <!-- com.testng.examples.BeforeAfterClassTest -->
